11:58:03    16 -->                                                             [tcl] ucliGUI::connect -toolargs -ucligui -toolexe ./simv -vcd -pid 65143 -toolin /tmp/vcs_20240816045758_65141_sv1..stdin -toolout /tmp/vcs_20240816045758_65141_sv1..stdout  
11:58:03    17 -->                                                                 [tcl] set ucliGUI::state
11:58:03    18 -->                                                                     [tcl] gui_update_simulator_buttons
11:58:04    19 -->                                                                         [tcl] set ucliGUI::state
11:58:04    20 -->                                                                             [tcl] ucliCore::getToolPID
11:58:04    21 -->                                                                                 [tcl] synopsys::env hasTB
11:58:04    22 -->                                                                                     [tcl] trigger_hier_stack_context_switch 0
11:58:04    23 -->                                                                                         [tcl] synUtils::setDVEInitPhase 1
11:58:04    24 -->                                                                                             [tcl] gui_get_env SIMSETUP::SIMVPD
11:58:04    25 --> ...  [tcl] synopsys::dump -type VPD -file /home/sv1/K21_CLC/thai/dff/dff_vcs/source/inter.vpd -locking
11:58:04    26 --> ...      [tcl] synopsys::dump -autoflush on -fid VPD0
11:58:04    27 --> ...          [tcl] set ::dve_fid VPD0
11:58:04    28 --> ...              [tcl] synUtils::setDVEInitPhase 0
11:58:04    29 --> ...                  [tcl] ucliCore::getToolPID
11:58:04    30 --> ...                      [tcl] synUtils::sendTool -active _icl_setToolSocket /tmp/smlnpL0ulIR
11:58:04    31 --> ...                          [tcl] synUtils::sendTool -active {_icl_start_rpc -version "O-2018.09-SP2_Full64" -sync_file /tmp/vcs_dve_rpc.sv1.65143}
11:58:04    32 --> ...                              [tcl] synUtils::sendTool -active {_icl_createSharedMemory /tmp/vcs_dve_general.sv1.65143}
11:58:04    33 --> ...                                  [tcl] dveMisc::vbusExpand DFF_ML_tb
11:58:04    34 --> ...                                      [tcl] config endofsim noexit
11:58:04    35 --> ...                                          [tcl] config onfail enable all
11:58:04    36 --> ...                                              [tcl] config syscaddplainmembers
11:58:04    37 --> ...                                                  [tcl] config syscaddsourcenames
11:58:04    38 --> ...                                                      [tcl] config syscaddstructtypes
11:58:04    39 --> ...                                                          [tcl] synopsys::listing -disable
12:02:38    40 --> ...                                                              [tcl] ucliGUI::getSignalValues -scope DFF_ML_tb -radix {binary } -list {D }
12:08:01    41 --> ...                                                                  [tcl] synopsys::dump -add {DFF_ML_tb} -scope "." -depth 1 -fid VPD0
12:08:14    42 --> ...                                                                      [tcl] synopsys::run
12:08:14    43 --> ...                                                                          [tcl] set ucliGUI::state
12:08:14    44 --> ...                                                                              [tcl] gui_update_simulator_buttons
12:08:14    45 --> ...                                                                                  [tcl] set ucliGUI::state
12:08:14    46 --> ...                                                                                      [tcl] set ucliGUI::state
12:08:14    47 --> ...                                                                                          [tcl] set ucliGUI::state
12:08:14    48 --> ...                                                                                              [tcl] catch {senv activeDomain} dveMisc::result 
12:08:14    49 --> ...                                                                                                  [tcl] set dveMisc::result
12:08:14    50 --> ...  [tcl] gui_update_simulator_buttons
12:09:38    51 --> ...      [tcl] if [catch {gui_sim_terminate}] {gui_sim_terminate -kill}
12:09:38    52 --> ...          [tcl] synopsys::finish
12:09:38    53 --> ...              [tcl] set ucliGUI::state
12:09:38    54 --> ...                  [tcl] gui_update_simulator_buttons
12:09:38    55 --> ...                      [tcl] set ucliGUI::state
12:09:38    56 --> ...                          [tcl] catch {senv activeDomain} dveMisc::result 
12:09:38    57 --> ...                              [tcl] set dveMisc::result
12:09:38    58 --> ...                                  [tcl] gui_update_simulator_buttons
12:09:38    59 --> ...                                      [tcl] catch {senv activeDomain} dveMisc::result 
12:09:38    60 --> ...                                          [tcl] set dveMisc::result
12:09:38    61 --> ...                                              [tcl] ucli_exit
